--------------------
./configure --disable-shared --enable-static
Wed Jun 25 09:52:57 PDT 2014
unknown option: --disable-shared
./configure --help for help
** ./configure aborting.
--------------------


--------------------
./configure --help
Wed Jun 25 09:53:19 PDT 2014
usage:
  configure [--const] [--zprefix] [--prefix=PREFIX]  [--eprefix=EXPREFIX]
    [--static] [--64] [--libdir=LIBDIR] [--sharedlibdir=LIBDIR]
    [--includedir=INCLUDEDIR] [--archs="-arch i386 -arch x86_64"]
--------------------
./configure --static --libdir=localinstall
Wed Jun 25 09:54:12 PDT 2014
Checking for gcc...
=== ztest4758.c ===
extern int getchar();
int hello() {return getchar();}
===
gcc -c ztest4758.c
... using gcc

Checking for obsessive-compulsive compiler options...
=== ztest4758.c ===
int foo() { return 0; }
===
gcc -c -O3 ztest4758.c

Building static library libz.a version 1.2.8 with gcc.

=== ztest4758.c ===
#include <sys/types.h>
off64_t dummy = 0;
===
gcc -c -O3 -D_LARGEFILE64_SOURCE=1 ztest4758.c
ztest4758.c:2:1: error: unknown type name 'off64_t'; did you mean 'off_t'?
off64_t dummy = 0;
^~~~~~~
off_t
/usr/include/sys/_types/_off_t.h:30:25: note: 'off_t' declared here
typedef __darwin_off_t          off_t;
                                ^
1 error generated.
(exit code 1)
Checking for off64_t... No.

=== ztest4758.c ===
#include <stdio.h>
int main(void) {
  fseeko(NULL, 0, 0);
  return 0;
}
===
gcc -O3 -o ztest4758 ztest4758.c
Checking for fseeko... Yes.

=== ztest4758.c ===
#include <string.h>
#include <errno.h>
int main() { return strlen(strerror(errno)); }
===
gcc -O3 -o ztest4758 ztest4758.c
Checking for strerror... Yes.

=== ztest4758.c ===
#include <unistd.h>
int main() { return 0; }
===
gcc -c -O3 ztest4758.c
Checking for unistd.h... Yes.

=== ztest4758.c ===
#include <stdarg.h>
int main() { return 0; }
===
gcc -c -O3 ztest4758.c
Checking for stdarg.h... Yes.

=== ztest4758.c ===
#include <stdio.h>
#include <stdarg.h>
#include "zconf.h"
int main()
{
#ifndef STDC
  choke me
#endif
  return 0;
}
===
gcc -c -O3 ztest4758.c
Checking whether to use vs[n]printf() or s[n]printf()... using vs[n]printf().

=== ztest4758.c ===
#include <stdio.h>
#include <stdarg.h>
int mytest(const char *fmt, ...)
{
  char buf[20];
  va_list ap;
  va_start(ap, fmt);
  vsnprintf(buf, sizeof(buf), fmt, ap);
  va_end(ap);
  return 0;
}
int main()
{
  return (mytest("Hello%d\n", 1));
}
===
gcc -O3 -o ztest4758 ztest4758.c
Checking for vsnprintf() in stdio.h... Yes.

=== ztest4758.c ===
#include <stdio.h>
#include <stdarg.h>
int mytest(const char *fmt, ...)
{
  int n;
  char buf[20];
  va_list ap;
  va_start(ap, fmt);
  n = vsnprintf(buf, sizeof(buf), fmt, ap);
  va_end(ap);
  return n;
}
int main()
{
  return (mytest("Hello%d\n", 1));
}
===
gcc -c -O3 ztest4758.c
Checking for return value of vsnprintf()... Yes.

=== ztest4758.c ===
#define ZLIB_INTERNAL __attribute__((visibility ("hidden")))
int ZLIB_INTERNAL foo;
int main()
{
  return 0;
}
===
gcc -c -O3 ztest4758.c
Checking for attribute(visibility) support... Yes.

ALL = static
AR = libtool
ARFLAGS = -o
CC = gcc
CFLAGS = -O3 -DHAVE_HIDDEN
CPP = gcc -E
EXE =
LDCONFIG = ldconfig
LDFLAGS =
LDSHARED = gcc
LDSHAREDLIBC = -lc
OBJC = $(OBJZ) $(OBJG)
PIC_OBJC = $(PIC_OBJZ) $(PIC_OBJG)
RANLIB = ranlib
SFLAGS = -O3 -fPIC -DHAVE_HIDDEN
SHAREDLIB =
SHAREDLIBM =
SHAREDLIBV =
STATICLIB = libz.a
TEST = all teststatic
VER = 1.2.8
Z_U4 =
exec_prefix = ${prefix}
includedir = ${prefix}/include
libdir = localinstall
mandir = ${prefix}/share/man
prefix = /usr/local
sharedlibdir = ${libdir}
uname = Darwin
--------------------


--------------------
./configure --static --libdir=localInstall/
Wed Jun 25 09:55:35 PDT 2014
Checking for gcc...
=== ztest5045.c ===
extern int getchar();
int hello() {return getchar();}
===
gcc -c ztest5045.c
... using gcc

Checking for obsessive-compulsive compiler options...
=== ztest5045.c ===
int foo() { return 0; }
===
gcc -c -O3 ztest5045.c

Building static library libz.a version 1.2.8 with gcc.

=== ztest5045.c ===
#include <sys/types.h>
off64_t dummy = 0;
===
gcc -c -O3 -D_LARGEFILE64_SOURCE=1 ztest5045.c
ztest5045.c:2:1: error: unknown type name 'off64_t'; did you mean 'off_t'?
off64_t dummy = 0;
^~~~~~~
off_t
/usr/include/sys/_types/_off_t.h:30:25: note: 'off_t' declared here
typedef __darwin_off_t          off_t;
                                ^
1 error generated.
(exit code 1)
Checking for off64_t... No.

=== ztest5045.c ===
#include <stdio.h>
int main(void) {
  fseeko(NULL, 0, 0);
  return 0;
}
===
gcc -O3 -o ztest5045 ztest5045.c
Checking for fseeko... Yes.

=== ztest5045.c ===
#include <string.h>
#include <errno.h>
int main() { return strlen(strerror(errno)); }
===
gcc -O3 -o ztest5045 ztest5045.c
Checking for strerror... Yes.

=== ztest5045.c ===
#include <unistd.h>
int main() { return 0; }
===
gcc -c -O3 ztest5045.c
Checking for unistd.h... Yes.

=== ztest5045.c ===
#include <stdarg.h>
int main() { return 0; }
===
gcc -c -O3 ztest5045.c
Checking for stdarg.h... Yes.

=== ztest5045.c ===
#include <stdio.h>
#include <stdarg.h>
#include "zconf.h"
int main()
{
#ifndef STDC
  choke me
#endif
  return 0;
}
===
gcc -c -O3 ztest5045.c
Checking whether to use vs[n]printf() or s[n]printf()... using vs[n]printf().

=== ztest5045.c ===
#include <stdio.h>
#include <stdarg.h>
int mytest(const char *fmt, ...)
{
  char buf[20];
  va_list ap;
  va_start(ap, fmt);
  vsnprintf(buf, sizeof(buf), fmt, ap);
  va_end(ap);
  return 0;
}
int main()
{
  return (mytest("Hello%d\n", 1));
}
===
gcc -O3 -o ztest5045 ztest5045.c
Checking for vsnprintf() in stdio.h... Yes.

=== ztest5045.c ===
#include <stdio.h>
#include <stdarg.h>
int mytest(const char *fmt, ...)
{
  int n;
  char buf[20];
  va_list ap;
  va_start(ap, fmt);
  n = vsnprintf(buf, sizeof(buf), fmt, ap);
  va_end(ap);
  return n;
}
int main()
{
  return (mytest("Hello%d\n", 1));
}
===
gcc -c -O3 ztest5045.c
Checking for return value of vsnprintf()... Yes.

=== ztest5045.c ===
#define ZLIB_INTERNAL __attribute__((visibility ("hidden")))
int ZLIB_INTERNAL foo;
int main()
{
  return 0;
}
===
gcc -c -O3 ztest5045.c
Checking for attribute(visibility) support... Yes.

ALL = static
AR = libtool
ARFLAGS = -o
CC = gcc
CFLAGS = -O3 -DHAVE_HIDDEN
CPP = gcc -E
EXE =
LDCONFIG = ldconfig
LDFLAGS =
LDSHARED = gcc
LDSHAREDLIBC = -lc
OBJC = $(OBJZ) $(OBJG)
PIC_OBJC = $(PIC_OBJZ) $(PIC_OBJG)
RANLIB = ranlib
SFLAGS = -O3 -fPIC -DHAVE_HIDDEN
SHAREDLIB =
SHAREDLIBM =
SHAREDLIBV =
STATICLIB = libz.a
TEST = all teststatic
VER = 1.2.8
Z_U4 =
exec_prefix = ${prefix}
includedir = ${prefix}/include
libdir = localInstall/
mandir = ${prefix}/share/man
prefix = /usr/local
sharedlibdir = ${libdir}
uname = Darwin
--------------------


--------------------
./configure --help
Wed Jun 25 11:17:20 PDT 2014
usage:
  configure [--const] [--zprefix] [--prefix=PREFIX]  [--eprefix=EXPREFIX]
    [--static] [--64] [--libdir=LIBDIR] [--sharedlibdir=LIBDIR]
    [--includedir=INCLUDEDIR] [--archs="-arch i386 -arch x86_64"]
--------------------
./configure --64 --static
Wed Jun 25 11:17:43 PDT 2014
Checking for gcc...
=== ztest9512.c ===
extern int getchar();
int hello() {return getchar();}
===
gcc -c ztest9512.c
... using gcc

Checking for obsessive-compulsive compiler options...
=== ztest9512.c ===
int foo() { return 0; }
===
gcc -c -O3 -m64 ztest9512.c

Building static library libz.a version 1.2.8 with gcc.

=== ztest9512.c ===
#include <sys/types.h>
off64_t dummy = 0;
===
gcc -c -O3 -m64 -D_LARGEFILE64_SOURCE=1 ztest9512.c
ztest9512.c:2:1: error: unknown type name 'off64_t'; did you mean 'off_t'?
off64_t dummy = 0;
^~~~~~~
off_t
/usr/include/sys/_types/_off_t.h:30:25: note: 'off_t' declared here
typedef __darwin_off_t          off_t;
                                ^
1 error generated.
(exit code 1)
Checking for off64_t... No.

=== ztest9512.c ===
#include <stdio.h>
int main(void) {
  fseeko(NULL, 0, 0);
  return 0;
}
===
gcc -O3 -m64 -o ztest9512 ztest9512.c
Checking for fseeko... Yes.

=== ztest9512.c ===
#include <string.h>
#include <errno.h>
int main() { return strlen(strerror(errno)); }
===
gcc -O3 -m64 -o ztest9512 ztest9512.c
Checking for strerror... Yes.

=== ztest9512.c ===
#include <unistd.h>
int main() { return 0; }
===
gcc -c -O3 -m64 ztest9512.c
Checking for unistd.h... Yes.

=== ztest9512.c ===
#include <stdarg.h>
int main() { return 0; }
===
gcc -c -O3 -m64 ztest9512.c
Checking for stdarg.h... Yes.

=== ztest9512.c ===
#include <stdio.h>
#include <stdarg.h>
#include "zconf.h"
int main()
{
#ifndef STDC
  choke me
#endif
  return 0;
}
===
gcc -c -O3 -m64 ztest9512.c
Checking whether to use vs[n]printf() or s[n]printf()... using vs[n]printf().

=== ztest9512.c ===
#include <stdio.h>
#include <stdarg.h>
int mytest(const char *fmt, ...)
{
  char buf[20];
  va_list ap;
  va_start(ap, fmt);
  vsnprintf(buf, sizeof(buf), fmt, ap);
  va_end(ap);
  return 0;
}
int main()
{
  return (mytest("Hello%d\n", 1));
}
===
gcc -O3 -m64 -o ztest9512 ztest9512.c
Checking for vsnprintf() in stdio.h... Yes.

=== ztest9512.c ===
#include <stdio.h>
#include <stdarg.h>
int mytest(const char *fmt, ...)
{
  int n;
  char buf[20];
  va_list ap;
  va_start(ap, fmt);
  n = vsnprintf(buf, sizeof(buf), fmt, ap);
  va_end(ap);
  return n;
}
int main()
{
  return (mytest("Hello%d\n", 1));
}
===
gcc -c -O3 -m64 ztest9512.c
Checking for return value of vsnprintf()... Yes.

=== ztest9512.c ===
#define ZLIB_INTERNAL __attribute__((visibility ("hidden")))
int ZLIB_INTERNAL foo;
int main()
{
  return 0;
}
===
gcc -c -O3 -m64 ztest9512.c
Checking for attribute(visibility) support... Yes.

ALL = static
AR = libtool
ARFLAGS = -o
CC = gcc
CFLAGS = -O3 -m64 -DHAVE_HIDDEN
CPP = gcc -E
EXE =
LDCONFIG = ldconfig
LDFLAGS =
LDSHARED = gcc
LDSHAREDLIBC = -lc
OBJC = $(OBJZ) $(OBJG)
PIC_OBJC = $(PIC_OBJZ) $(PIC_OBJG)
RANLIB = ranlib
SFLAGS = -O3 -fPIC -m64 -DHAVE_HIDDEN
SHAREDLIB =
SHAREDLIBM =
SHAREDLIBV =
STATICLIB = libz.a
TEST = all teststatic
VER = 1.2.8
Z_U4 =
exec_prefix = ${prefix}
includedir = ${prefix}/include
libdir = ${exec_prefix}/lib
mandir = ${prefix}/share/man
prefix = /usr/local
sharedlibdir = ${libdir}
uname = Darwin
--------------------


--------------------
./configure --help
Wed Jun 25 13:30:07 PDT 2014
usage:
  configure [--const] [--zprefix] [--prefix=PREFIX]  [--eprefix=EXPREFIX]
    [--static] [--64] [--libdir=LIBDIR] [--sharedlibdir=LIBDIR]
    [--includedir=INCLUDEDIR] [--archs="-arch i386 -arch x86_64"]
--------------------
./configure --static
Wed Jun 25 13:30:17 PDT 2014
Checking for gcc...
=== ztest29436.c ===
extern int getchar();
int hello() {return getchar();}
===
gcc -c ztest29436.c
... using gcc

Checking for obsessive-compulsive compiler options...
=== ztest29436.c ===
int foo() { return 0; }
===
gcc -c -O3 ztest29436.c

Building static library libz.a version 1.2.8 with gcc.

=== ztest29436.c ===
#include <sys/types.h>
off64_t dummy = 0;
===
gcc -c -O3 -D_LARGEFILE64_SOURCE=1 ztest29436.c
ztest29436.c:2:1: error: unknown type name 'off64_t'; did you mean 'off_t'?
off64_t dummy = 0;
^~~~~~~
off_t
/usr/include/sys/_types/_off_t.h:30:25: note: 'off_t' declared here
typedef __darwin_off_t          off_t;
                                ^
1 error generated.
(exit code 1)
Checking for off64_t... No.

=== ztest29436.c ===
#include <stdio.h>
int main(void) {
  fseeko(NULL, 0, 0);
  return 0;
}
===
gcc -O3 -o ztest29436 ztest29436.c
Checking for fseeko... Yes.

=== ztest29436.c ===
#include <string.h>
#include <errno.h>
int main() { return strlen(strerror(errno)); }
===
gcc -O3 -o ztest29436 ztest29436.c
Checking for strerror... Yes.

=== ztest29436.c ===
#include <unistd.h>
int main() { return 0; }
===
gcc -c -O3 ztest29436.c
Checking for unistd.h... Yes.

=== ztest29436.c ===
#include <stdarg.h>
int main() { return 0; }
===
gcc -c -O3 ztest29436.c
Checking for stdarg.h... Yes.

=== ztest29436.c ===
#include <stdio.h>
#include <stdarg.h>
#include "zconf.h"
int main()
{
#ifndef STDC
  choke me
#endif
  return 0;
}
===
gcc -c -O3 ztest29436.c
Checking whether to use vs[n]printf() or s[n]printf()... using vs[n]printf().

=== ztest29436.c ===
#include <stdio.h>
#include <stdarg.h>
int mytest(const char *fmt, ...)
{
  char buf[20];
  va_list ap;
  va_start(ap, fmt);
  vsnprintf(buf, sizeof(buf), fmt, ap);
  va_end(ap);
  return 0;
}
int main()
{
  return (mytest("Hello%d\n", 1));
}
===
gcc -O3 -o ztest29436 ztest29436.c
Checking for vsnprintf() in stdio.h... Yes.

=== ztest29436.c ===
#include <stdio.h>
#include <stdarg.h>
int mytest(const char *fmt, ...)
{
  int n;
  char buf[20];
  va_list ap;
  va_start(ap, fmt);
  n = vsnprintf(buf, sizeof(buf), fmt, ap);
  va_end(ap);
  return n;
}
int main()
{
  return (mytest("Hello%d\n", 1));
}
===
gcc -c -O3 ztest29436.c
Checking for return value of vsnprintf()... Yes.

=== ztest29436.c ===
#define ZLIB_INTERNAL __attribute__((visibility ("hidden")))
int ZLIB_INTERNAL foo;
int main()
{
  return 0;
}
===
gcc -c -O3 ztest29436.c
Checking for attribute(visibility) support... Yes.

ALL = static
AR = libtool
ARFLAGS = -o
CC = gcc
CFLAGS = -O3 -DHAVE_HIDDEN
CPP = gcc -E
EXE =
LDCONFIG = ldconfig
LDFLAGS =
LDSHARED = gcc
LDSHAREDLIBC = -lc
OBJC = $(OBJZ) $(OBJG)
PIC_OBJC = $(PIC_OBJZ) $(PIC_OBJG)
RANLIB = ranlib
SFLAGS = -O3 -fPIC -DHAVE_HIDDEN
SHAREDLIB =
SHAREDLIBM =
SHAREDLIBV =
STATICLIB = libz.a
TEST = all teststatic
VER = 1.2.8
Z_U4 =
exec_prefix = ${prefix}
includedir = ${prefix}/include
libdir = ${exec_prefix}/lib
mandir = ${prefix}/share/man
prefix = /usr/local
sharedlibdir = ${libdir}
uname = Darwin
--------------------


